# JRE version: OpenJDK Runtime Environment (8.0_212-b04) (build 1.8.0_212-release-1586-b04)
# Java VM: OpenJDK 64-Bit Server VM (25.212-b04 mixed mode windows-amd64 compressed oops)
Heap:
 PSYoungGen      total 117760K, used 47389K [0x00000000f5580000, 0x00000000ff980000, 0x0000000100000000)
  eden space 67072K, 51% used [0x00000000f5580000,0x00000000f770c220,0x00000000f9700000)
  from space 50688K, 25% used [0x00000000fc500000,0x00000000fd1bb378,0x00000000ff680000)
  to   space 47104K, 0% used [0x00000000f9700000,0x00000000f9700000,0x00000000fc500000)
 ParOldGen       total 349696K, used 125293K [0x00000000e0000000, 0x00000000f5580000, 0x00000000f5580000)
  object space 349696K, 35% used [0x00000000e0000000,0x00000000e7a5b7e8,0x00000000f5580000)
 Metaspace       used 95741K, capacity 99666K, committed 99736K, reserved 1136640K
  class space    used 12585K, capacity 13450K, committed 13464K, reserved 1048576K
GC Heap History (10 events):
Event: 18.880 GC heap before
{Heap before GC invocations=32 (full 4):
 PSYoungGen      total 116736K, used 66617K [0x00000000f5580000, 0x0000000100000000, 0x0000000100000000)
  eden space 58880K, 100% used [0x00000000f5580000,0x00000000f8f00000,0x00000000f8f00000)
  from space 57856K, 13% used [0x00000000f8f00000,0x00000000f968e4d0,0x00000000fc780000)
  to   space 57856K, 0% used [0x00000000fc780000,0x00000000fc780000,0x0000000100000000)
 ParOldGen       total 349696K, used 110828K [0x00000000e0000000, 0x00000000f5580000, 0x00000000f5580000)
  object space 349696K, 31% used [0x00000000e0000000,0x00000000e6c3b370,0x00000000f5580000)
 Metaspace       used 85667K, capacity 88392K, committed 89112K, reserved 1126400K
  class space    used 11048K, capacity 11671K, committed 11800K, reserved 1048576K
Event: 18.886 GC heap after
Heap after GC invocations=32 (full 4):
 PSYoungGen      total 116736K, used 7908K [0x00000000f5580000, 0x0000000100000000, 0x0000000100000000)
  eden space 58880K, 0% used [0x00000000f5580000,0x00000000f5580000,0x00000000f8f00000)
  from space 57856K, 13% used [0x00000000fc780000,0x00000000fcf39030,0x0000000100000000)
  to   space 57856K, 0% used [0x00000000f8f00000,0x00000000f8f00000,0x00000000fc780000)
 ParOldGen       total 349696K, used 112171K [0x00000000e0000000, 0x00000000f5580000, 0x00000000f5580000)
  object space 349696K, 32% used [0x00000000e0000000,0x00000000e6d8acf0,0x00000000f5580000)
 Metaspace       used 85667K, capacity 88392K, committed 89112K, reserved 1126400K
  class space    used 11048K, capacity 11671K, committed 11800K, reserved 1048576K
}
Event: 18.930 GC heap before
{Heap before GC invocations=33 (full 4):
 PSYoungGen      total 116736K, used 66788K [0x00000000f5580000, 0x0000000100000000, 0x0000000100000000)
  eden space 58880K, 100% used [0x00000000f5580000,0x00000000f8f00000,0x00000000f8f00000)
  from space 57856K, 13% used [0x00000000fc780000,0x00000000fcf39030,0x0000000100000000)
  to   space 57856K, 0% used [0x00000000f8f00000,0x00000000f8f00000,0x00000000fc780000)
 ParOldGen       total 349696K, used 112171K [0x00000000e0000000, 0x00000000f5580000, 0x00000000f5580000)
  object space 349696K, 32% used [0x00000000e0000000,0x00000000e6d8ad08,0x00000000f5580000)
 Metaspace       used 85669K, capacity 88392K, committed 89112K, reserved 1126400K
  class space    used 11048K, capacity 11671K, committed 11800K, reserved 1048576K
Event: 18.936 GC heap after
Heap after GC invocations=33 (full 4):
 PSYoungGen      total 67072K, used 7851K [0x00000000f5580000, 0x00000000fff00000, 0x0000000100000000)
  eden space 58880K, 0% used [0x00000000f5580000,0x00000000f5580000,0x00000000f8f00000)
  from space 8192K, 95% used [0x00000000f8f00000,0x00000000f96aacb0,0x00000000f9700000)
  to   space 57344K, 0% used [0x00000000fc700000,0x00000000fc700000,0x00000000fff00000)
 ParOldGen       total 349696K, used 113483K [0x00000000e0000000, 0x00000000f5580000, 0x00000000f5580000)
  object space 349696K, 32% used [0x00000000e0000000,0x00000000e6ed2d18,0x00000000f5580000)
 Metaspace       used 85669K, capacity 88392K, committed 89112K, reserved 1126400K
  class space    used 11048K, capacity 11671K, committed 11800K, reserved 1048576K
}
Event: 19.212 GC heap before
{Heap before GC invocations=34 (full 4):
 PSYoungGen      total 67072K, used 66731K [0x00000000f5580000, 0x00000000fff00000, 0x0000000100000000)
  eden space 58880K, 100% used [0x00000000f5580000,0x00000000f8f00000,0x00000000f8f00000)
  from space 8192K, 95% used [0x00000000f8f00000,0x00000000f96aacb0,0x00000000f9700000)
  to   space 57344K, 0% used [0x00000000fc700000,0x00000000fc700000,0x00000000fff00000)
 ParOldGen       total 349696K, used 113487K [0x00000000e0000000, 0x00000000f5580000, 0x00000000f5580000)
  object space 349696K, 32% used [0x00000000e0000000,0x00000000e6ed3ce0,0x00000000f5580000)
 Metaspace       used 87412K, capacity 90356K, committed 90904K, reserved 1128448K
  class space    used 11319K, capacity 11981K, committed 12056K, reserved 1048576K
Event: 19.221 GC heap after
Heap after GC invocations=34 (full 4):
 PSYoungGen      total 119808K, used 12350K [0x00000000f5580000, 0x0000000100000000, 0x0000000100000000)
  eden space 62464K, 0% used [0x00000000f5580000,0x00000000f5580000,0x00000000f9280000)
  from space 57344K, 21% used [0x00000000fc700000,0x00000000fd30faa0,0x00000000fff00000)
  to   space 53760K, 0% used [0x00000000f9280000,0x00000000f9280000,0x00000000fc700000)
 ParOldGen       total 349696K, used 114853K [0x00000000e0000000, 0x00000000f5580000, 0x00000000f5580000)
  object space 349696K, 32% used [0x00000000e0000000,0x00000000e70297a0,0x00000000f5580000)
 Metaspace       used 87412K, capacity 90356K, committed 90904K, reserved 1128448K
  class space    used 11319K, capacity 11981K, committed 12056K, reserved 1048576K
}
Event: 19.880 GC heap before
{Heap before GC invocations=35 (full 4):
 PSYoungGen      total 119808K, used 74814K [0x00000000f5580000, 0x0000000100000000, 0x0000000100000000)
  eden space 62464K, 100% used [0x00000000f5580000,0x00000000f9280000,0x00000000f9280000)
  from space 57344K, 21% used [0x00000000fc700000,0x00000000fd30faa0,0x00000000fff00000)
  to   space 53760K, 0% used [0x00000000f9280000,0x00000000f9280000,0x00000000fc700000)
 ParOldGen       total 349696K, used 114853K [0x00000000e0000000, 0x00000000f5580000, 0x00000000f5580000)
  object space 349696K, 32% used [0x00000000e0000000,0x00000000e70297a0,0x00000000f5580000)
 Metaspace       used 93556K, capacity 97166K, committed 97432K, reserved 1134592K
  class space    used 12278K, capacity 13104K, committed 13208K, reserved 1048576K
Event: 19.896 GC heap after
Heap after GC invocations=35 (full 4):
 PSYoungGen      total 72704K, used 10206K [0x00000000f5580000, 0x00000000ff680000, 0x0000000100000000)
  eden space 62464K, 0% used [0x00000000f5580000,0x00000000f5580000,0x00000000f9280000)
  from space 10240K, 99% used [0x00000000f9280000,0x00000000f9c77a60,0x00000000f9c80000)
  to   space 50688K, 0% used [0x00000000fc500000,0x00000000fc500000,0x00000000ff680000)
 ParOldGen       total 349696K, used 123782K [0x00000000e0000000, 0x00000000f5580000, 0x00000000f5580000)
  object space 349696K, 35% used [0x00000000e0000000,0x00000000e78e1880,0x00000000f5580000)
 Metaspace       used 93556K, capacity 97166K, committed 97432K, reserved 1134592K
  class space    used 12278K, capacity 13104K, committed 13208K, reserved 1048576K
}
Event: 20.421 GC heap before
{Heap before GC invocations=36 (full 4):
 PSYoungGen      total 72704K, used 71497K [0x00000000f5580000, 0x00000000ff680000, 0x0000000100000000)
  eden space 62464K, 98% used [0x00000000f5580000,0x00000000f915aad8,0x00000000f9280000)
  from space 10240K, 99% used [0x00000000f9280000,0x00000000f9c77a60,0x00000000f9c80000)
  to   space 50688K, 0% used [0x00000000fc500000,0x00000000fc500000,0x00000000ff680000)
 ParOldGen       total 349696K, used 123782K [0x00000000e0000000, 0x00000000f5580000, 0x00000000f5580000)
  object space 349696K, 35% used [0x00000000e0000000,0x00000000e78e1880,0x00000000f5580000)
 Metaspace       used 95405K, capacity 99382K, committed 99480K, reserved 1134592K
  class space    used 12546K, capacity 13406K, committed 13464K, reserved 1048576K
Event: 20.432 GC heap after
Heap after GC invocations=36 (full 4):
 PSYoungGen      total 117760K, used 13036K [0x00000000f5580000, 0x00000000ff980000, 0x0000000100000000)
  eden space 67072K, 0% used [0x00000000f5580000,0x00000000f5580000,0x00000000f9700000)
  from space 50688K, 25% used [0x00000000fc500000,0x00000000fd1bb378,0x00000000ff680000)
  to   space 47104K, 0% used [0x00000000f9700000,0x00000000f9700000,0x00000000fc500000)
 ParOldGen       total 349696K, used 125293K [0x00000000e0000000, 0x00000000f5580000, 0x00000000f5580000)
  object space 349696K, 35% used [0x00000000e0000000,0x00000000e7a5b7e8,0x00000000f5580000)
 Metaspace       used 95405K, capacity 99382K, committed 99480K, reserved 1134592K
  class space    used 12546K, capacity 13406K, committed 13464K, reserved 1048576K
}

